[2026-01-09T14:33:24+08:00][info] Request path: /crontab/index, method: GET
[2026-01-09T14:33:24+08:00][info] Is root path: NO
[2026-01-09T14:33:24+08:00][info] Safe key verification failed for path: /crontab/index
[2026-01-09T14:33:24+08:00][info] Request path: /favicon.ico, method: GET
[2026-01-09T14:33:24+08:00][info] HttpException: Route Not Found
[2026-01-09T14:33:29+08:00][info] Request path: /crontab/index, method: GET
[2026-01-09T14:33:29+08:00][info] Is root path: NO
[2026-01-09T14:33:29+08:00][info] Route handler executed, result type: array
[2026-01-09T14:33:29+08:00][info] Wrapping in JSON response
[2026-01-09T14:33:36+08:00][info] Request path: /, method: GET
[2026-01-09T14:33:36+08:00][info] Is root path: YES
[2026-01-09T14:33:36+08:00][info] Route handler executed, result type: object
[2026-01-09T14:33:36+08:00][info] Sending Response object directly
[2026-01-09T14:33:45+08:00][info] Request path: /crontab/ping, method: GET
[2026-01-09T14:33:45+08:00][info] Is root path: NO
[2026-01-09T14:33:45+08:00][info] Route handler executed, result type: string
[2026-01-09T14:33:45+08:00][info] Wrapping in JSON response
[2026-01-09T14:33:46+08:00][info] Request path: /crontab/index, method: GET
[2026-01-09T14:33:46+08:00][info] Is root path: NO
[2026-01-09T14:33:46+08:00][info] Route handler executed, result type: array
[2026-01-09T14:33:46+08:00][info] Wrapping in JSON response
[2026-01-09T14:33:46+08:00][info] Request path: /crontab/index, method: GET
[2026-01-09T14:33:46+08:00][info] Is root path: NO
[2026-01-09T14:33:46+08:00][info] Route handler executed, result type: array
[2026-01-09T14:33:46+08:00][info] Wrapping in JSON response
[2026-01-09T14:34:46+08:00][info] Request path: /crontab/add, method: POST
[2026-01-09T14:34:46+08:00][info] Is root path: NO
[2026-01-09T14:34:46+08:00][info] Route handler executed, result type: boolean
[2026-01-09T14:34:46+08:00][info] Wrapping in JSON response
[2026-01-09T14:34:46+08:00][info] Request path: /crontab/index, method: GET
[2026-01-09T14:34:46+08:00][info] Is root path: NO
[2026-01-09T14:34:46+08:00][info] Route handler executed, result type: array
[2026-01-09T14:34:46+08:00][info] Wrapping in JSON response
[2026-01-09T14:35:30+08:00][info] Request path: /crontab/read, method: GET
[2026-01-09T14:35:30+08:00][info] Is root path: NO
[2026-01-09T14:35:30+08:00][info] Route handler executed, result type: array
[2026-01-09T14:35:30+08:00][info] Wrapping in JSON response
[2026-01-09T14:35:58+08:00][info] Request path: /crontab/pool, method: GET
[2026-01-09T14:35:58+08:00][info] Is root path: NO
[2026-01-09T14:35:58+08:00][info] Route handler executed, result type: array
[2026-01-09T14:35:58+08:00][info] Wrapping in JSON response
[2026-01-09T14:36:13+08:00][info] Request path: /crontab/flow, method: GET
[2026-01-09T14:36:13+08:00][info] Is root path: NO
[2026-01-09T14:36:13+08:00][info] Route handler executed, result type: array
[2026-01-09T14:36:13+08:00][info] Wrapping in JSON response
[2026-01-09T14:36:33+08:00][info] Request path: /crontab/flow, method: GET
[2026-01-09T14:36:33+08:00][info] Is root path: NO
[2026-01-09T14:36:33+08:00][info] Route handler executed, result type: array
[2026-01-09T14:36:33+08:00][info] Wrapping in JSON response
[2026-01-09T14:36:34+08:00][info] Request path: /crontab/flow, method: GET
[2026-01-09T14:36:34+08:00][info] Is root path: NO
[2026-01-09T14:36:34+08:00][info] Route handler executed, result type: array
[2026-01-09T14:36:34+08:00][info] Wrapping in JSON response
[2026-01-09T14:36:36+08:00][info] Request path: /crontab/flow, method: GET
[2026-01-09T14:36:36+08:00][info] Is root path: NO
[2026-01-09T14:36:36+08:00][info] Route handler executed, result type: array
[2026-01-09T14:36:36+08:00][info] Wrapping in JSON response
[2026-01-09T14:36:41+08:00][info] Request path: /crontab/flow, method: GET
[2026-01-09T14:36:41+08:00][info] Is root path: NO
[2026-01-09T14:36:41+08:00][info] Route handler executed, result type: array
[2026-01-09T14:36:41+08:00][info] Wrapping in JSON response
[2026-01-09T14:36:45+08:00][info] Request path: /crontab/flow, method: GET
[2026-01-09T14:36:45+08:00][info] Is root path: NO
[2026-01-09T14:36:45+08:00][info] Route handler executed, result type: array
[2026-01-09T14:36:45+08:00][info] Wrapping in JSON response
[2026-01-09T14:37:00+08:00][info] Request path: /crontab/read, method: GET
[2026-01-09T14:37:00+08:00][info] Is root path: NO
[2026-01-09T14:37:00+08:00][info] Route handler executed, result type: array
[2026-01-09T14:37:00+08:00][info] Wrapping in JSON response
[2026-01-09T14:37:07+08:00][info] Request path: /crontab/edit, method: POST
[2026-01-09T14:37:07+08:00][info] Is root path: NO
[2026-01-09T14:37:07+08:00][info] Route handler executed, result type: boolean
[2026-01-09T14:37:07+08:00][info] Wrapping in JSON response
[2026-01-09T14:37:07+08:00][info] Request path: /crontab/index, method: GET
[2026-01-09T14:37:07+08:00][info] Is root path: NO
[2026-01-09T14:37:07+08:00][info] Route handler executed, result type: array
[2026-01-09T14:37:07+08:00][info] Wrapping in JSON response
[2026-01-09T14:37:10+08:00][info] Request path: /crontab/flow, method: GET
[2026-01-09T14:37:10+08:00][info] Is root path: NO
[2026-01-09T14:37:10+08:00][info] Route handler executed, result type: array
[2026-01-09T14:37:10+08:00][info] Wrapping in JSON response
[2026-01-09T14:37:14+08:00][info] Request path: /crontab/flow, method: GET
[2026-01-09T14:37:14+08:00][info] Is root path: NO
[2026-01-09T14:37:14+08:00][info] Route handler executed, result type: array
[2026-01-09T14:37:14+08:00][info] Wrapping in JSON response
[2026-01-09T14:37:15+08:00][info] Request path: /crontab/flow, method: GET
[2026-01-09T14:37:15+08:00][info] Is root path: NO
[2026-01-09T14:37:15+08:00][info] Route handler executed, result type: array
[2026-01-09T14:37:15+08:00][info] Wrapping in JSON response
[2026-01-09T14:37:18+08:00][info] Request path: /crontab/reload, method: POST
[2026-01-09T14:37:18+08:00][info] Is root path: NO
[2026-01-09T14:37:18+08:00][info] Route handler executed, result type: boolean
[2026-01-09T14:37:18+08:00][info] Wrapping in JSON response
[2026-01-09T14:37:20+08:00][info] Request path: /crontab/flow, method: GET
[2026-01-09T14:37:20+08:00][info] Is root path: NO
[2026-01-09T14:37:20+08:00][info] Route handler executed, result type: array
[2026-01-09T14:37:20+08:00][info] Wrapping in JSON response
[2026-01-09T14:37:23+08:00][info] Request path: /crontab/flow, method: GET
[2026-01-09T14:37:23+08:00][info] Is root path: NO
[2026-01-09T14:37:23+08:00][info] Route handler executed, result type: array
[2026-01-09T14:37:23+08:00][info] Wrapping in JSON response
[2026-01-09T14:37:24+08:00][info] Request path: /crontab/flow, method: GET
[2026-01-09T14:37:24+08:00][info] Is root path: NO
[2026-01-09T14:37:24+08:00][info] Route handler executed, result type: array
[2026-01-09T14:37:24+08:00][info] Wrapping in JSON response
[2026-01-09T14:37:25+08:00][info] Request path: /crontab/flow, method: GET
[2026-01-09T14:37:25+08:00][info] Is root path: NO
[2026-01-09T14:37:25+08:00][info] Route handler executed, result type: array
[2026-01-09T14:37:25+08:00][info] Wrapping in JSON response
[2026-01-09T14:37:26+08:00][info] Request path: /crontab/flow, method: GET
[2026-01-09T14:37:26+08:00][info] Is root path: NO
[2026-01-09T14:37:26+08:00][info] Route handler executed, result type: array
[2026-01-09T14:37:26+08:00][info] Wrapping in JSON response
[2026-01-09T14:37:28+08:00][info] Request path: /crontab/flow, method: GET
[2026-01-09T14:37:28+08:00][info] Is root path: NO
[2026-01-09T14:37:28+08:00][info] Route handler executed, result type: array
[2026-01-09T14:37:28+08:00][info] Wrapping in JSON response
[2026-01-09T14:37:29+08:00][info] Request path: /crontab/flow, method: GET
[2026-01-09T14:37:29+08:00][info] Is root path: NO
[2026-01-09T14:37:29+08:00][info] Route handler executed, result type: array
[2026-01-09T14:37:29+08:00][info] Wrapping in JSON response
[2026-01-09T14:37:30+08:00][info] Request path: /crontab/flow, method: GET
[2026-01-09T14:37:30+08:00][info] Is root path: NO
[2026-01-09T14:37:30+08:00][info] Route handler executed, result type: array
[2026-01-09T14:37:30+08:00][info] Wrapping in JSON response
[2026-01-09T14:37:37+08:00][info] Request path: /crontab/flow, method: GET
[2026-01-09T14:37:37+08:00][info] Is root path: NO
[2026-01-09T14:37:37+08:00][info] Route handler executed, result type: array
[2026-01-09T14:37:37+08:00][info] Wrapping in JSON response
[2026-01-09T14:37:38+08:00][info] Request path: /crontab/flow, method: GET
[2026-01-09T14:37:38+08:00][info] Is root path: NO
[2026-01-09T14:37:38+08:00][info] Route handler executed, result type: array
[2026-01-09T14:37:38+08:00][info] Wrapping in JSON response
[2026-01-09T14:37:41+08:00][info] Request path: /crontab/flow, method: GET
[2026-01-09T14:37:41+08:00][info] Is root path: NO
[2026-01-09T14:37:41+08:00][info] Route handler executed, result type: array
[2026-01-09T14:37:41+08:00][info] Wrapping in JSON response
[2026-01-09T14:37:43+08:00][info] Request path: /crontab/flow, method: GET
[2026-01-09T14:37:43+08:00][info] Is root path: NO
[2026-01-09T14:37:43+08:00][info] Route handler executed, result type: array
[2026-01-09T14:37:43+08:00][info] Wrapping in JSON response
[2026-01-09T14:37:48+08:00][info] Request path: /crontab/flow, method: GET
[2026-01-09T14:37:48+08:00][info] Is root path: NO
[2026-01-09T14:37:48+08:00][info] Route handler executed, result type: array
[2026-01-09T14:37:48+08:00][info] Wrapping in JSON response
[2026-01-09T14:38:21+08:00][info] Request path: /crontab/flow, method: GET
[2026-01-09T14:38:21+08:00][info] Is root path: NO
[2026-01-09T14:38:21+08:00][info] Route handler executed, result type: array
[2026-01-09T14:38:21+08:00][info] Wrapping in JSON response
[2026-01-09T15:11:21+08:00][error] [64]Constant expression contains invalid operations
[2026-01-09T15:14:13+08:00][info] Request path: /, method: GET
[2026-01-09T15:14:13+08:00][info] Is root path: YES
[2026-01-09T15:14:13+08:00][info] serveIndex called, indexPath: D:\www\bingher\http-crontab\src\http/index.html
[2026-01-09T15:14:13+08:00][info] File exists: YES
[2026-01-09T15:14:13+08:00][info] File size: 33143 bytes
[2026-01-09T15:14:13+08:00][info] Route handler executed, result type: object
[2026-01-09T15:14:13+08:00][info] Sending Response object directly
[2026-01-09T15:14:13+08:00][info] Request path: /crontab/ping, method: GET
[2026-01-09T15:14:13+08:00][info] Is root path: NO
[2026-01-09T15:14:13+08:00][info] Route handler executed, result type: string
[2026-01-09T15:14:13+08:00][info] Wrapping in JSON response
[2026-01-09T15:14:13+08:00][info] Request path: /crontab/index, method: GET
[2026-01-09T15:14:13+08:00][info] Is root path: NO
[2026-01-09T15:14:13+08:00][info] Route handler executed, result type: array
[2026-01-09T15:14:13+08:00][info] Wrapping in JSON response
[2026-01-09T15:14:13+08:00][info] Request path: /crontab/index, method: GET
[2026-01-09T15:14:13+08:00][info] Is root path: NO
[2026-01-09T15:14:13+08:00][info] Route handler executed, result type: array
[2026-01-09T15:14:13+08:00][info] Wrapping in JSON response
[2026-01-09T15:14:13+08:00][info] Request path: /, method: GET
[2026-01-09T15:14:13+08:00][info] Is root path: YES
[2026-01-09T15:14:13+08:00][info] serveIndex called, indexPath: D:\www\bingher\http-crontab\src\http/index.html
[2026-01-09T15:14:13+08:00][info] File exists: YES
[2026-01-09T15:14:13+08:00][info] File size: 33143 bytes
[2026-01-09T15:14:13+08:00][info] Route handler executed, result type: object
[2026-01-09T15:14:13+08:00][info] Sending Response object directly
[2026-01-09T15:14:14+08:00][info] Request path: /crontab/ping, method: GET
[2026-01-09T15:14:14+08:00][info] Is root path: NO
[2026-01-09T15:14:14+08:00][info] Route handler executed, result type: string
[2026-01-09T15:14:14+08:00][info] Wrapping in JSON response
[2026-01-09T15:14:14+08:00][info] Request path: /crontab/index, method: GET
[2026-01-09T15:14:14+08:00][info] Is root path: NO
[2026-01-09T15:14:14+08:00][info] Route handler executed, result type: array
[2026-01-09T15:14:14+08:00][info] Wrapping in JSON response
[2026-01-09T15:14:14+08:00][info] Request path: /crontab/index, method: GET
[2026-01-09T15:14:14+08:00][info] Is root path: NO
[2026-01-09T15:14:14+08:00][info] Route handler executed, result type: array
[2026-01-09T15:14:14+08:00][info] Wrapping in JSON response
[2026-01-09T15:14:23+08:00][info] Request path: /crontab/read, method: GET
[2026-01-09T15:14:23+08:00][info] Is root path: NO
[2026-01-09T15:14:23+08:00][info] Route handler executed, result type: array
[2026-01-09T15:14:23+08:00][info] Wrapping in JSON response
[2026-01-09T15:16:03+08:00][info] Request path: /crontab/modify, method: POST
[2026-01-09T15:16:03+08:00][info] Is root path: NO
[2026-01-09T15:16:03+08:00][info] Route handler executed, result type: boolean
[2026-01-09T15:16:03+08:00][info] Wrapping in JSON response
[2026-01-09T15:16:03+08:00][info] Request path: /crontab/index, method: GET
[2026-01-09T15:16:03+08:00][info] Is root path: NO
[2026-01-09T15:16:03+08:00][info] Route handler executed, result type: array
[2026-01-09T15:16:03+08:00][info] Wrapping in JSON response
[2026-01-09T15:16:54+08:00][info] Request path: /crontab/pool, method: GET
[2026-01-09T15:16:54+08:00][info] Is root path: NO
[2026-01-09T15:16:54+08:00][info] Route handler executed, result type: array
[2026-01-09T15:16:54+08:00][info] Wrapping in JSON response
